This is pdfTeX, Version 3.14159265-2.6-1.40.16 (TeX Live 2015) (preloaded format=pdflatex 2016.1.10)  31 MAR 2016 23:12
entering extended mode
 restricted \write18 enabled.
 %&-line parsing enabled.
**GMLDot.tex
(./GMLDot.tex
LaTeX2e <2015/01/01>
Babel <3.9l> and hyphenation patterns for 21 languages loaded.
(/usr/local/texlive/2015basic/texmf-dist/tex/latex/base/report.cls
Document Class: report 2014/09/29 v1.4h Standard LaTeX document class
(/usr/local/texlive/2015basic/texmf-dist/tex/latex/base/size10.clo
File: size10.clo 2014/09/29 v1.4h Standard LaTeX file (size option)
)
\c@part=\count79
\c@chapter=\count80
\c@section=\count81
\c@subsection=\count82
\c@subsubsection=\count83
\c@paragraph=\count84
\c@subparagraph=\count85
\c@figure=\count86
\c@table=\count87
\abovecaptionskip=\skip41
\belowcaptionskip=\skip42
\bibindent=\dimen102
)
(/usr/local/texlive/2015basic/texmf-dist/tex/latex/cite/cite.sty
LaTeX Info: Redefining \cite on input line 302.
LaTeX Info: Redefining \nocite on input line 332.
Package: cite 2015/02/27  v 5.5
)
(/usr/local/texlive/2015basic/texmf-dist/tex/latex/base/latexsym.sty
Package: latexsym 1998/08/17 v2.2e Standard LaTeX package (lasy symbols)
\symlasy=\mathgroup4
LaTeX Font Info:    Overwriting symbol font `lasy' in version `bold'
(Font)                  U/lasy/m/n --> U/lasy/b/n on input line 52.
)
(/usr/local/texlive/2015basic/texmf-dist/tex/latex/graphics/lscape.sty
Package: lscape 2000/10/22 v3.01 Landscape Pages (DPC)

(/usr/local/texlive/2015basic/texmf-dist/tex/latex/graphics/graphics.sty
Package: graphics 2014/10/28 v1.0p Standard LaTeX Graphics (DPC,SPQR)

(/usr/local/texlive/2015basic/texmf-dist/tex/latex/graphics/trig.sty
Package: trig 1999/03/16 v1.09 sin cos tan (DPC)
)
(/usr/local/texlive/2015basic/texmf-dist/tex/latex/latexconfig/graphics.cfg
File: graphics.cfg 2010/04/23 v1.9 graphics configuration of TeX Live
)
Package graphics Info: Driver file: pdftex.def on input line 94.

(/usr/local/texlive/2015basic/texmf-dist/tex/latex/pdftex-def/pdftex.def
File: pdftex.def 2011/05/27 v0.06d Graphics/color for pdfTeX

(/usr/local/texlive/2015basic/texmf-dist/tex/generic/oberdiek/infwarerr.sty
Package: infwarerr 2010/04/08 v1.3 Providing info/warning/error messages (HO)
)
(/usr/local/texlive/2015basic/texmf-dist/tex/generic/oberdiek/ltxcmds.sty
Package: ltxcmds 2011/11/09 v1.22 LaTeX kernel commands for general use (HO)
)
\Gread@gobject=\count88
)))
(/usr/local/texlive/2015basic/texmf-dist/tex/latex/listings/listings.sty
(/usr/local/texlive/2015basic/texmf-dist/tex/latex/graphics/keyval.sty
Package: keyval 2014/10/28 v1.15 key=value parser (DPC)
\KV@toks@=\toks14
)
\lst@mode=\count89
\lst@gtempboxa=\box26
\lst@token=\toks15
\lst@length=\count90
\lst@currlwidth=\dimen103
\lst@column=\count91
\lst@pos=\count92
\lst@lostspace=\dimen104
\lst@width=\dimen105
\lst@newlines=\count93
\lst@lineno=\count94
\lst@maxwidth=\dimen106

(/usr/local/texlive/2015basic/texmf-dist/tex/latex/listings/lstmisc.sty
File: lstmisc.sty 2014/09/06 1.5e (Carsten Heinz)
\c@lstnumber=\count95
\lst@skipnumbers=\count96
\lst@framebox=\box27
)
(/usr/local/texlive/2015basic/texmf-dist/tex/latex/listings/listings.cfg
File: listings.cfg 2014/09/06 1.5e listings configuration
))
Package: listings 2014/09/06 1.5e (Carsten Heinz)

(/usr/local/texlive/2015basic/texmf-dist/tex/latex/graphics/graphicx.sty
Package: graphicx 2014/10/28 v1.0g Enhanced LaTeX Graphics (DPC,SPQR)
\Gin@req@height=\dimen107
\Gin@req@width=\dimen108
)
(/usr/local/texlive/2015basic/texmf-dist/tex/latex/graphics/color.sty
Package: color 2014/10/28 v1.1a Standard LaTeX Color (DPC)

(/usr/local/texlive/2015basic/texmf-dist/tex/latex/latexconfig/color.cfg
File: color.cfg 2007/01/18 v1.5 color configuration of teTeX/TeXLive
)
Package color Info: Driver file: pdftex.def on input line 142.
)
(/usr/local/texlive/2015basic/texmf-dist/tex/latex/hyperref/hyperref.sty
Package: hyperref 2012/11/06 v6.83m Hypertext links for LaTeX

(/usr/local/texlive/2015basic/texmf-dist/tex/generic/oberdiek/hobsub-hyperref.s
ty
Package: hobsub-hyperref 2012/05/28 v1.13 Bundle oberdiek, subset hyperref (HO)


(/usr/local/texlive/2015basic/texmf-dist/tex/generic/oberdiek/hobsub-generic.st
y
Package: hobsub-generic 2012/05/28 v1.13 Bundle oberdiek, subset generic (HO)
Package: hobsub 2012/05/28 v1.13 Construct package bundles (HO)
Package hobsub Info: Skipping package `infwarerr' (already loaded).
Package hobsub Info: Skipping package `ltxcmds' (already loaded).
Package: ifluatex 2010/03/01 v1.3 Provides the ifluatex switch (HO)
Package ifluatex Info: LuaTeX not detected.
Package: ifvtex 2010/03/01 v1.5 Detect VTeX and its facilities (HO)
Package ifvtex Info: VTeX not detected.
Package: intcalc 2007/09/27 v1.1 Expandable calculations with integers (HO)
Package: ifpdf 2011/01/30 v2.3 Provides the ifpdf switch (HO)
Package ifpdf Info: pdfTeX in PDF mode is detected.
Package: etexcmds 2011/02/16 v1.5 Avoid name clashes with e-TeX commands (HO)
Package etexcmds Info: Could not find \expanded.
(etexcmds)             That can mean that you are not using pdfTeX 1.50 or
(etexcmds)             that some package has redefined \expanded.
(etexcmds)             In the latter case, load this package earlier.
Package: kvsetkeys 2012/04/25 v1.16 Key value parser (HO)
Package: kvdefinekeys 2011/04/07 v1.3 Define keys (HO)
Package: pdftexcmds 2011/11/29 v0.20 Utility functions of pdfTeX for LuaTeX (HO
)
Package pdftexcmds Info: LuaTeX not detected.
Package pdftexcmds Info: \pdf@primitive is available.
Package pdftexcmds Info: \pdf@ifprimitive is available.
Package pdftexcmds Info: \pdfdraftmode found.
Package: pdfescape 2011/11/25 v1.13 Implements pdfTeX's escape features (HO)
Package: bigintcalc 2012/04/08 v1.3 Expandable calculations on big integers (HO
)
Package: bitset 2011/01/30 v1.1 Handle bit-vector datatype (HO)
Package: uniquecounter 2011/01/30 v1.2 Provide unlimited unique counter (HO)
)
Package hobsub Info: Skipping package `hobsub' (already loaded).
Package: letltxmacro 2010/09/02 v1.4 Let assignment for LaTeX macros (HO)
Package: hopatch 2012/05/28 v1.2 Wrapper for package hooks (HO)
Package: xcolor-patch 2011/01/30 xcolor patch
Package: atveryend 2011/06/30 v1.8 Hooks at the very end of document (HO)
Package atveryend Info: \enddocument detected (standard20110627).
Package: atbegshi 2011/10/05 v1.16 At begin shipout hook (HO)
Package: refcount 2011/10/16 v3.4 Data extraction from label references (HO)
Package: hycolor 2011/01/30 v1.7 Color options for hyperref/bookmark (HO)
) (/usr/local/texlive/2015basic/texmf-dist/tex/generic/ifxetex/ifxetex.sty
Package: ifxetex 2010/09/12 v0.6 Provides ifxetex conditional
)
(/usr/local/texlive/2015basic/texmf-dist/tex/latex/oberdiek/auxhook.sty
Package: auxhook 2011/03/04 v1.3 Hooks for auxiliary files (HO)
)
(/usr/local/texlive/2015basic/texmf-dist/tex/latex/oberdiek/kvoptions.sty
Package: kvoptions 2011/06/30 v3.11 Key value format for package options (HO)
)
\@linkdim=\dimen109
\Hy@linkcounter=\count97
\Hy@pagecounter=\count98

(/usr/local/texlive/2015basic/texmf-dist/tex/latex/hyperref/pd1enc.def
File: pd1enc.def 2012/11/06 v6.83m Hyperref: PDFDocEncoding definition (HO)
)
\Hy@SavedSpaceFactor=\count99

(/usr/local/texlive/2015basic/texmf-dist/tex/latex/latexconfig/hyperref.cfg
File: hyperref.cfg 2002/06/06 v1.2 hyperref configuration of TeXLive
)
Package hyperref Info: Option `raiselinks' set `true' on input line 4319.
Package hyperref Info: Option `hyperfigures' set `true' on input line 4319.
Package hyperref Info: Option `breaklinks' set `true' on input line 4319.
Package hyperref Info: Option `colorlinks' set `true' on input line 4319.


Package hyperref Warning: Values of option `pdfpagemode':
(hyperref)                * `UseNone'
(hyperref)                * `UseOutlines'
(hyperref)                * `UseThumbs'
(hyperref)                * `FullScreen'
(hyperref)                * `UseOC' (PDF 1.5)
(hyperref)                * `UseAttachments' (PDF 1.6)
(hyperref)                * An empty value disables the option.
(hyperref)                Unknown value `None' on input line 4319.


Package hyperref Warning: Option `pagecolor' is not available anymore.

Package hyperref Info: Hyper figures ON on input line 4441.
Package hyperref Info: Link nesting OFF on input line 4448.
Package hyperref Info: Hyper index ON on input line 4451.
Package hyperref Info: Plain pages OFF on input line 4458.
Package hyperref Info: Backreferencing ON on input line 4461.
Package hyperref Info: Implicit mode ON; LaTeX internals redefined.
Package hyperref Info: Bookmarks ON on input line 4688.
(/usr/local/texlive/2015basic/texmf-dist/tex/latex/hyperref/backref.sty
Package: backref 2012/07/25 v1.38 Bibliographical back referencing

(/usr/local/texlive/2015basic/texmf-dist/tex/latex/oberdiek/rerunfilecheck.sty
Package: rerunfilecheck 2011/04/15 v1.7 Rerun checks for auxiliary files (HO)
Package uniquecounter Info: New unique counter `rerunfilecheck' on input line 2
82.
))
\c@Hy@tempcnt=\count100
 (/usr/local/texlive/2015basic/texmf-dist/tex/latex/url/url.sty
\Urlmuskip=\muskip10
Package: url 2013/09/16  ver 3.4  Verb mode for urls, etc.
)
LaTeX Info: Redefining \url on input line 5041.
\XeTeXLinkMargin=\dimen110
\Fld@menulength=\count101
\Field@Width=\dimen111
\Fld@charsize=\dimen112
Package hyperref Info: Hyper figures ON on input line 6293.
Package hyperref Info: Link nesting OFF on input line 6300.
Package hyperref Info: Hyper index ON on input line 6303.
Package hyperref Info: backreferencing ON on input line 6308.
Package hyperref Info: Link coloring ON on input line 6313.
Package hyperref Info: Link coloring with OCG OFF on input line 6320.
Package hyperref Info: PDF/A mode OFF on input line 6325.
LaTeX Info: Redefining \ref on input line 6365.
LaTeX Info: Redefining \pageref on input line 6369.
\Hy@abspage=\count102
\c@Item=\count103
\c@Hfootnote=\count104
)

Package hyperref Message: Driver (autodetected): hpdftex.

(/usr/local/texlive/2015basic/texmf-dist/tex/latex/hyperref/hpdftex.def
File: hpdftex.def 2012/11/06 v6.83m Hyperref driver for pdfTeX
\Fld@listcount=\count105
\c@bookmark@seq@number=\count106
\Hy@SectionHShift=\skip43
)
(./GMLDot.aux)
\openout1 = `GMLDot.aux'.

LaTeX Font Info:    Checking defaults for OML/cmm/m/it on input line 61.
LaTeX Font Info:    ... okay on input line 61.
LaTeX Font Info:    Checking defaults for T1/cmr/m/n on input line 61.
LaTeX Font Info:    ... okay on input line 61.
LaTeX Font Info:    Checking defaults for OT1/cmr/m/n on input line 61.
LaTeX Font Info:    ... okay on input line 61.
LaTeX Font Info:    Checking defaults for OMS/cmsy/m/n on input line 61.
LaTeX Font Info:    ... okay on input line 61.
LaTeX Font Info:    Checking defaults for OMX/cmex/m/n on input line 61.
LaTeX Font Info:    ... okay on input line 61.
LaTeX Font Info:    Checking defaults for U/cmr/m/n on input line 61.
LaTeX Font Info:    ... okay on input line 61.
LaTeX Font Info:    Checking defaults for PD1/pdf/m/n on input line 61.
LaTeX Font Info:    ... okay on input line 61.

(/usr/local/texlive/2015basic/texmf-dist/tex/context/base/supp-pdf.mkii
[Loading MPS to PDF converter (version 2006.09.02).]
\scratchcounter=\count107
\scratchdimen=\dimen113
\scratchbox=\box28
\nofMPsegments=\count108
\nofMParguments=\count109
\everyMPshowfont=\toks16
\MPscratchCnt=\count110
\MPscratchDim=\dimen114
\MPnumerator=\count111
\makeMPintoPDFobject=\count112
\everyMPtoPDFconversion=\toks17
) (/usr/local/texlive/2015basic/texmf-dist/tex/latex/oberdiek/epstopdf-base.sty
Package: epstopdf-base 2010/02/09 v2.5 Base part for package epstopdf
(/usr/local/texlive/2015basic/texmf-dist/tex/latex/oberdiek/grfext.sty
Package: grfext 2010/08/19 v1.1 Manage graphics extensions (HO)
)
Package grfext Info: Graphics extension search list:
(grfext)             [.png,.pdf,.jpg,.mps,.jpeg,.jbig2,.jb2,.PNG,.PDF,.JPG,.JPE
G,.JBIG2,.JB2,.eps]
(grfext)             \AppendGraphicsExtensions on input line 452.

(/usr/local/texlive/2015basic/texmf-dist/tex/latex/latexconfig/epstopdf-sys.cfg
File: epstopdf-sys.cfg 2010/07/13 v1.3 Configuration of (r)epstopdf for TeX Liv
e
))
\c@lstlisting=\count113
\AtBeginShipoutBox=\box29
Package hyperref Info: Link coloring ON on input line 61.
 (/usr/local/texlive/2015basic/texmf-dist/tex/latex/hyperref/nameref.sty
Package: nameref 2012/10/27 v2.43 Cross-referencing by name of section

(/usr/local/texlive/2015basic/texmf-dist/tex/generic/oberdiek/gettitlestring.st
y
Package: gettitlestring 2010/12/03 v1.4 Cleanup title references (HO)
)
\c@section@level=\count114
)
LaTeX Info: Redefining \ref on input line 61.
LaTeX Info: Redefining \pageref on input line 61.
LaTeX Info: Redefining \nameref on input line 61.
 (./GMLDot.out) (./GMLDot.out)
\@outlinefile=\write3
\openout3 = `GMLDot.out'.

LaTeX Font Info:    External font `cmex10' loaded for size
(Font)              <12> on input line 63.
LaTeX Font Info:    External font `cmex10' loaded for size
(Font)              <8> on input line 63.
LaTeX Font Info:    External font `cmex10' loaded for size
(Font)              <6> on input line 63.
LaTeX Font Info:    Try loading font information for U+lasy on input line 63.

(/usr/local/texlive/2015basic/texmf-dist/tex/latex/base/ulasy.fd
File: ulasy.fd 1998/08/17 v2.2e LaTeX symbol font definitions
) [1

{/usr/local/texlive/2015basic/texmf-var/fonts/map/pdftex/updmap/pdftex.map}] (.
/GMLDot.toc
LaTeX Font Info:    External font `cmex10' loaded for size
(Font)              <7> on input line 2.
LaTeX Font Info:    External font `cmex10' loaded for size
(Font)              <5> on input line 2.

Overfull \hbox (3.11115pt too wide) detected at line 16
 []\OT1/cmr/m/n/10 xxiv
 []

)
\tf@toc=\write4
\openout4 = `GMLDot.toc'.

pdfTeX warning (ext4): destination with the same identifier (name{page.i}) has 
been already used, duplicate ignored
<to be read again> 
                   \relax 
l.65 \chapter
             {Introduction} [1

]
Chapter 1.
[2

] <test.png, id=73, 500.87125pt x 325.215pt>
File: test.png Graphic file (type png)
 <use test.png>
Package pdftex.def Info: test.png used on input line 130.
(pdftex.def)             Requested size: 250.435pt x 162.6071pt.
LaTeX Font Info:    Try loading font information for OMS+cmr on input line 136.


(/usr/local/texlive/2015basic/texmf-dist/tex/latex/base/omscmr.fd
File: omscmr.fd 2014/09/29 v2.5h Standard LaTeX font definitions
)
LaTeX Font Info:    Font shape `OMS/cmr/m/n' in size <10> not available
(Font)              Font shape `OMS/cmsy/m/n' tried instead on input line 136.
 [3 <./test.png>] [4]
Chapter 2.
LaTeX Font Info:    External font `cmex10' loaded for size
(Font)              <9> on input line 151.
[5

] [6] [7] [8] [9] [10]
Overfull \hbox (18.28966pt too wide) in paragraph at lines 659--659
[][][]                \OT1/cmtt/m/n/9 + "supported by DOT,so it will not be tra
nslated.\n", $unsupportedAttribute.text);  
 []

[11]
Overfull \hbox (23.0146pt too wide) in paragraph at lines 688--688
[][][]                \OT1/cmtt/m/n/9 + " supported by DOT,so it will not be tr
anslated.\n", $unsupportedAttribute.text);  
 []


Overfull \hbox (23.0146pt too wide) in paragraph at lines 717--717
[][][]                \OT1/cmtt/m/n/9 + " supported by DOT,so it will not be tr
anslated.\n", $unsupportedAttribute.text);  
 []

[12] [13] [14] [15]
Overfull \hbox (108.06361pt too wide) in paragraph at lines 1070--1070
[][][]\OT1/cmtt/m/n/9 //Warning: the graph attribute "defaultnodesize" was pars
ed but is not supported by DOT,so it will not be translated.  
 []

[16] [17] [18]
Overfull \hbox (74.989pt too wide) in paragraph at lines 1229--1229
[][][]\OT1/cmtt/m/n/9 //Warning: the graph attribute "isPlanar" was parsed but 
is not supported by DOT,so it will not be translated.  
 []

[19]
Overfull \hbox (84.43889pt too wide) in paragraph at lines 1304--1304
[][][]\OT1/cmtt/m/n/9 //Warning: the graph attribute "hierarchic" was parsed bu
t is not supported by DOT,so it will not be translated.  
 []


Overfull \hbox (70.26405pt too wide) in paragraph at lines 1305--1305
[][][]\OT1/cmtt/m/n/9 //Warning: the node attribute "graphics" was parsed but i
s not supported by DOT,so it will not be translated.  
 []


Overfull \hbox (93.88878pt too wide) in paragraph at lines 1306--1306
[][][]\OT1/cmtt/m/n/9 //Warning: the node attribute "LabelGraphics" was parsed 
but is not supported by DOT,so it will not be translated.  
 []


Overfull \hbox (70.26405pt too wide) in paragraph at lines 1307--1307
[][][]\OT1/cmtt/m/n/9 //Warning: the node attribute "graphics" was parsed but i
s not supported by DOT,so it will not be translated.  
 []


Overfull \hbox (93.88878pt too wide) in paragraph at lines 1308--1308
[][][]\OT1/cmtt/m/n/9 //Warning: the node attribute "LabelGraphics" was parsed 
but is not supported by DOT,so it will not be translated.  
 []


Overfull \hbox (93.88878pt too wide) in paragraph at lines 1309--1309
[][][]\OT1/cmtt/m/n/9 //Warning: the edge attribute "LabelGraphics" was parsed 
but is not supported by DOT,so it will not be translated.  
 []

[20]
Overfull \hbox (84.43889pt too wide) in paragraph at lines 1363--1363
[][][]\OT1/cmtt/m/n/9 //Warning: the graph attribute "hierarchic" was parsed bu
t is not supported by DOT,so it will not be translated.  
 []

[21]
Overfull \hbox (51.36427pt too wide) in paragraph at lines 1450--1450
[][][]\OT1/cmtt/m/n/9 //Warning: the node attribute "test" was parsed but is no
t supported by DOT,so it will not be translated.  
 []


Overfull \hbox (79.71394pt too wide) in paragraph at lines 1451--1451
[][][]\OT1/cmtt/m/n/9 //Warning: the node attribute "edgeAnchor" was parsed but
 is not supported by DOT,so it will not be translated.  
 []


Overfull \hbox (84.43889pt too wide) in paragraph at lines 1452--1452
[][][]\OT1/cmtt/m/n/9 //Warning: the node attribute "labelAnchor" was parsed bu
t is not supported by DOT,so it will not be translated.  
 []


Overfull \hbox (70.26405pt too wide) in paragraph at lines 1453--1453
[][][]\OT1/cmtt/m/n/9 //Warning: the node attribute "graphics" was parsed but i
s not supported by DOT,so it will not be translated.  
 []


Overfull \hbox (79.71394pt too wide) in paragraph at lines 1454--1454
[][][]\OT1/cmtt/m/n/9 //Warning: the node attribute "edgeAnchor" was parsed but
 is not supported by DOT,so it will not be translated.  
 []


Overfull \hbox (84.43889pt too wide) in paragraph at lines 1455--1455
[][][]\OT1/cmtt/m/n/9 //Warning: the node attribute "labelAnchor" was parsed bu
t is not supported by DOT,so it will not be translated.  
 []


Overfull \hbox (70.26405pt too wide) in paragraph at lines 1456--1456
[][][]\OT1/cmtt/m/n/9 //Warning: the node attribute "graphics" was parsed but i
s not supported by DOT,so it will not be translated.  
 []


Overfull \hbox (84.43889pt too wide) in paragraph at lines 1457--1457
[][][]\OT1/cmtt/m/n/9 //Warning: the edge attribute "labelAnchor" was parsed bu
t is not supported by DOT,so it will not be translated.  
 []


Overfull \hbox (70.26405pt too wide) in paragraph at lines 1458--1458
[][][]\OT1/cmtt/m/n/9 //Warning: the edge attribute "graphics" was parsed but i
s not supported by DOT,so it will not be translated.  
 []

[22] [23] <dolphins.png, id=192, 4040.09375pt x 1022.82124pt>
File: dolphins.png Graphic file (type png)

<use dolphins.png>
Package pdftex.def Info: dolphins.png used on input line 1480.
(pdftex.def)             Requested size: 404.03305pt x 102.28812pt.
 [24

 <./dolphins.png>]
<adjnoun.png, id=202, 8347.185pt x 2371.86125pt>
File: adjnoun.png Graphic file (type png)
 <use adjnoun.png>
Package pdftex.def Info: adjnoun.png used on input line 1486.
(pdftex.def)             Requested size: 834.76741pt x 237.20001pt.
 [25 <./adjnoun.png>] <football.png, id=210, 12997.55875pt x 2371.86125pt>
File: football.png Graphic file (type png)

<use football.png>
Package pdftex.def Info: football.png used on input line 1492.
(pdftex.def)             Requested size: 1299.83205pt x 237.20001pt.
 [26 <./football.png>]
<karate.png, id=218, 1797.71625pt x 637.38126pt>
File: karate.png Graphic file (type png)
 <use karate.png>
Package pdftex.def Info: karate.png used on input line 1498.
(pdftex.def)             Requested size: 179.78215pt x 63.74185pt.
 [27 <./karate.png>] (./GMLDot.bbl (./GMLDot.brf)
\tf@brf=\write5
\openout5 = `GMLDot.brf'.

)
Package atveryend Info: Empty hook `BeforeClearDocument' on input line 1504.
 [28


]
Package atveryend Info: Empty hook `AfterLastShipout' on input line 1504.
 (./GMLDot.aux)
Package atveryend Info: Executing hook `AtVeryEndDocument' on input line 1504.
Package atveryend Info: Executing hook `AtEndAfterFileList' on input line 1504.

Package rerunfilecheck Info: File `GMLDot.out' has not changed.
(rerunfilecheck)             Checksum: C84713A413260F2B55ADA850D5A089A9;499.


Package rerunfilecheck Warning: File `GMLDot.brf' has changed.
(rerunfilecheck)                Rerun to get bibliographical references right.

Package rerunfilecheck Info: Checksums for `GMLDot.brf':
(rerunfilecheck)             Before: 1FCFFF7EA79B450FBD659DBD7C4EF888;635
(rerunfilecheck)             After:  430401178448D74ADB83CE4126B1B72D;635.
Package atveryend Info: Empty hook `AtVeryVeryEnd' on input line 1504.
 ) 
Here is how much of TeX's memory you used:
 6828 strings out of 494501
 101765 string characters out of 6167030
 192689 words of memory out of 5000000
 9970 multiletter control sequences out of 15000+600000
 11441 words of font info for 45 fonts, out of 8000000 for 9000
 319 hyphenation exceptions out of 8191
 32i,6n,32p,1020b,437s stack positions out of 5000i,500n,10000p,200000b,80000s
</usr/local/texlive/2015basic/texmf-dist/fonts/type1/public/amsfonts/cm/cmbx1
0.pfb></usr/local/texlive/2015basic/texmf-dist/fonts/type1/public/amsfonts/cm/c
mbx12.pfb></usr/local/texlive/2015basic/texmf-dist/fonts/type1/public/amsfonts/
cm/cmmi10.pfb></usr/local/texlive/2015basic/texmf-dist/fonts/type1/public/amsfo
nts/cm/cmr10.pfb></usr/local/texlive/2015basic/texmf-dist/fonts/type1/public/am
sfonts/cm/cmr12.pfb></usr/local/texlive/2015basic/texmf-dist/fonts/type1/public
/amsfonts/cm/cmr17.pfb></usr/local/texlive/2015basic/texmf-dist/fonts/type1/pub
lic/amsfonts/cm/cmr8.pfb></usr/local/texlive/2015basic/texmf-dist/fonts/type1/p
ublic/amsfonts/cm/cmsy10.pfb></usr/local/texlive/2015basic/texmf-dist/fonts/typ
e1/public/amsfonts/cm/cmsy9.pfb></usr/local/texlive/2015basic/texmf-dist/fonts/
type1/public/amsfonts/cm/cmti9.pfb></usr/local/texlive/2015basic/texmf-dist/fon
ts/type1/public/amsfonts/cm/cmtt10.pfb></usr/local/texlive/2015basic/texmf-dist
/fonts/type1/public/amsfonts/cm/cmtt9.pfb>
Output written on GMLDot.pdf (29 pages, 9815236 bytes).
PDF statistics:
 321 PDF objects out of 1000 (max. 8388607)
 265 compressed objects within 3 object streams
 65 named destinations out of 1000 (max. 500000)
 98 words of extra memory for PDF output out of 10000 (max. 10000000)

